This file contains any messages produced by compilers while
running configure, to aid debugging if configure makes a mistake.

It was created by Imonitor configure 1.0, which was
generated by GNU Autoconf 2.69.  Invocation command line was

  $ ./configure 

## --------- ##
## Platform. ##
## --------- ##

hostname = DESKTOP-FVOQ07G
uname -m = x86_64
uname -r = 3.0.7-338.x86_64
uname -s = MINGW64_NT-10.0-17763
uname -v = 2019-11-21 23:07 UTC

/usr/bin/uname -p = unknown
/bin/uname -X     = unknown

/bin/arch              = x86_64
/usr/bin/arch -k       = unknown
/usr/convex/getsysinfo = unknown
/usr/bin/hostinfo      = unknown
/bin/machine           = unknown
/usr/bin/oslevel       = unknown
/bin/universe          = unknown

PATH: /c/Users/andrei.gheorghe1901/bin
PATH: /mingw64/bin
PATH: /usr/local/bin
PATH: /usr/bin
PATH: /bin
PATH: /mingw64/bin
PATH: /usr/bin
PATH: /c/Users/andrei.gheorghe1901/bin
PATH: /c/Program Files/Java/jdk-13.0.2/bin
PATH: /c/Program Files/Java/jdk-13.0.2/bin
PATH: /usr/bin/vendor_perl
PATH: /usr/bin/core_perl


## ----------- ##
## Core tests. ##
## ----------- ##

configure:1784: checking for a BSD-compatible install
configure:1852: result: /usr/bin/install -c
configure:1863: checking whether build environment is sane
configure:1918: result: yes
configure:2069: checking for a thread-safe mkdir -p
configure:2108: result: /usr/bin/mkdir -p
configure:2115: checking for gawk
configure:2131: found /usr/bin/gawk
configure:2142: result: gawk
configure:2153: checking whether make sets $(MAKE)
configure:2179: result: no
configure:2204: checking whether make supports nested variables
configure:2221: result: no
configure:2352: checking whether make supports the include directive
configure:2367: make -f confmf.GNU && cat confinc.out
./configure: line 2368: make: command not found
configure:2370: $? = 127
configure:2367: make -f confmf.BSD && cat confinc.out
./configure: line 2368: make: command not found
configure:2370: $? = 127
configure:2389: result: no
configure:2460: checking for gcj
configure:2490: result: no
configure:2519: checking dependency style of gcj
configure:2628: result: none
configure:2793: checking that generated files are newer than configure
configure:2799: result: done
configure:2815: creating ./config.status

## ---------------------- ##
## Running config.status. ##
## ---------------------- ##

This file was extended by Imonitor config.status 1.0, which was
generated by GNU Autoconf 2.69.  Invocation command line was

  CONFIG_FILES    = 
  CONFIG_HEADERS  = 
  CONFIG_LINKS    = 
  CONFIG_COMMANDS = 
  $ ./config.status 

on DESKTOP-FVOQ07G

config.status:767: creating Makefile
config.status:939: executing depfiles commands

## ---------------- ##
## Cache variables. ##
## ---------------- ##

ac_cv_env_build_alias_set=
ac_cv_env_build_alias_value=
ac_cv_env_host_alias_set=
ac_cv_env_host_alias_value=
ac_cv_env_target_alias_set=
ac_cv_env_target_alias_value=
ac_cv_path_install='/usr/bin/install -c'
ac_cv_path_mkdir=/usr/bin/mkdir
ac_cv_prog_AWK=gawk
ac_cv_prog_make_make_set=no
am_cv_GCJ_dependencies_compiler_type=none
am_cv_make_support_nested_variables=no

## ----------------- ##
## Output variables. ##
## ----------------- ##

ACLOCAL='${SHELL} "/e/Anul_3/Proiecte CV/imonitor-GHEORGHE_ANDREI_ALEXANDRU (1)/imonitor/build/missing" aclocal-1.16'
AMDEPBACKSLASH='\'
AMDEP_FALSE='#'
AMDEP_TRUE=''
AMTAR='$${TAR-tar}'
AM_BACKSLASH='\'
AM_DEFAULT_V='1'
AM_DEFAULT_VERBOSITY='1'
AM_V='1'
AUTOCONF='${SHELL} "/e/Anul_3/Proiecte CV/imonitor-GHEORGHE_ANDREI_ALEXANDRU (1)/imonitor/build/missing" autoconf'
AUTOHEADER='${SHELL} "/e/Anul_3/Proiecte CV/imonitor-GHEORGHE_ANDREI_ALEXANDRU (1)/imonitor/build/missing" autoheader'
AUTOMAKE='${SHELL} "/e/Anul_3/Proiecte CV/imonitor-GHEORGHE_ANDREI_ALEXANDRU (1)/imonitor/build/missing" automake-1.16'
AWK='gawk'
CYGPATH_W='cygpath -w'
DEFS='-DPACKAGE_NAME=\"Imonitor\" -DPACKAGE_TARNAME=\"imonitor\" -DPACKAGE_VERSION=\"1.0\" -DPACKAGE_STRING=\"Imonitor\ 1.0\" -DPACKAGE_BUGREPORT=\"\" -DPACKAGE_URL=\"\" -DPACKAGE=\"imonitor\" -DVERSION=\"1.0\"'
DEPDIR='.deps'
ECHO_C=''
ECHO_N='-n'
ECHO_T=''
GCJ='gcj'
GCJDEPMODE='depmode=none'
GCJFLAGS='-g -O2'
INSTALL_DATA='${INSTALL} -m 644'
INSTALL_PROGRAM='${INSTALL}'
INSTALL_SCRIPT='${INSTALL}'
INSTALL_STRIP_PROGRAM='$(install_sh) -c -s'
LIBOBJS=''
LIBS=''
LTLIBOBJS=''
MAKEINFO='${SHELL} "/e/Anul_3/Proiecte CV/imonitor-GHEORGHE_ANDREI_ALEXANDRU (1)/imonitor/build/missing" makeinfo'
MKDIR_P='/usr/bin/mkdir -p'
PACKAGE='imonitor'
PACKAGE_BUGREPORT=''
PACKAGE_NAME='Imonitor'
PACKAGE_STRING='Imonitor 1.0'
PACKAGE_TARNAME='imonitor'
PACKAGE_URL=''
PACKAGE_VERSION='1.0'
PATH_SEPARATOR=':'
SET_MAKE='MAKE=make'
SHELL='/bin/sh'
STRIP=''
VERSION='1.0'
ac_ct_GCJ=''
am__fastdepGCJ_FALSE=''
am__fastdepGCJ_TRUE='#'
am__include='#'
am__isrc=''
am__leading_dot='.'
am__nodep='_no'
am__quote=''
am__tar='$${TAR-tar} chof - "$$tardir"'
am__untar='$${TAR-tar} xf -'
bindir='${exec_prefix}/bin'
build_alias=''
datadir='${datarootdir}'
datarootdir='${prefix}/share'
docdir='${datarootdir}/doc/${PACKAGE_TARNAME}'
dvidir='${docdir}'
exec_prefix='${prefix}'
host_alias=''
htmldir='${docdir}'
includedir='${prefix}/include'
infodir='${datarootdir}/info'
install_sh='${SHELL} '\''/e/Anul_3/Proiecte CV/imonitor-GHEORGHE_ANDREI_ALEXANDRU (1)/imonitor/build/install-sh'\'''
libdir='${exec_prefix}/lib'
libexecdir='${exec_prefix}/libexec'
localedir='${datarootdir}/locale'
localstatedir='${prefix}/var'
mandir='${datarootdir}/man'
mkdir_p='$(MKDIR_P)'
oldincludedir='/usr/include'
pdfdir='${docdir}'
prefix='/usr/local'
program_transform_name='s,x,x,'
psdir='${docdir}'
runstatedir='${localstatedir}/run'
sbindir='${exec_prefix}/sbin'
sharedstatedir='${prefix}/com'
sysconfdir='${prefix}/etc'
target_alias=''

## ----------- ##
## confdefs.h. ##
## ----------- ##

/* confdefs.h */
#define PACKAGE_NAME "Imonitor"
#define PACKAGE_TARNAME "imonitor"
#define PACKAGE_VERSION "1.0"
#define PACKAGE_STRING "Imonitor 1.0"
#define PACKAGE_BUGREPORT ""
#define PACKAGE_URL ""
#define PACKAGE "imonitor"
#define VERSION "1.0"

configure: exit 0
