<?xml version="1.0" encoding="windows-1250" standalone="no"?>
<!DOCTYPE log SYSTEM "logger.dtd">
<log>
<record>
  <date>2020-05-14T17:42:40.122979800Z</date>
  <millis>1589478160122</millis>
  <nanos>979800</nanos>
  <sequence>0</sequence>
  <logger>loggingAndActionMonitoring</logger>
  <level>INFO</level>
  <class>loggingAndActionMonitoring.LogData</class>
  <method>&lt;init&gt;</method>
  <thread>17</thread>
  <message>IP Connected:/192.168.1.4</message>
</record>
<record>
  <date>2020-05-14T17:42:40.162973300Z</date>
  <millis>1589478160162</millis>
  <nanos>973300</nanos>
  <sequence>1</sequence>
  <logger>loggingAndActionMonitoring</logger>
  <level>INFO</level>
  <class>loggingAndActionMonitoring.LogData</class>
  <method>&lt;init&gt;</method>
  <thread>17</thread>
  <message>Port:4500</message>
</record>
<record>
  <date>2020-05-14T17:42:40.164905800Z</date>
  <millis>1589478160164</millis>
  <nanos>905800</nanos>
  <sequence>2</sequence>
  <logger>loggingAndActionMonitoring</logger>
  <level>INFO</level>
  <class>loggingAndActionMonitoring.LogData</class>
  <method>&lt;init&gt;</method>
  <thread>17</thread>
  <message>Connection type: Private</message>
</record>
<?xml version="1.0" encoding="windows-1250" standalone="no"?>
<!DOCTYPE log SYSTEM "logger.dtd">
<log>
<record>
  <date>2020-05-14T17:46:15.860671500Z</date>
  <millis>1589478375860</millis>
  <nanos>671500</nanos>
  <sequence>0</sequence>
  <logger>loggingAndActionMonitoring</logger>
  <level>INFO</level>
  <class>loggingAndActionMonitoring.LogData</class>
  <method>&lt;init&gt;</method>
  <thread>17</thread>
  <message>IP Connected:/192.168.1.8</message>
</record>
<record>
  <date>2020-05-14T17:46:15.881614700Z</date>
  <millis>1589478375881</millis>
  <nanos>614700</nanos>
  <sequence>1</sequence>
  <logger>loggingAndActionMonitoring</logger>
  <level>INFO</level>
  <class>loggingAndActionMonitoring.LogData</class>
  <method>&lt;init&gt;</method>
  <thread>17</thread>
  <message>Port:4500</message>
</record>
<record>
  <date>2020-05-14T17:46:15.882612400Z</date>
  <millis>1589478375882</millis>
  <nanos>612400</nanos>
  <sequence>2</sequence>
  <logger>loggingAndActionMonitoring</logger>
  <level>INFO</level>
  <class>loggingAndActionMonitoring.LogData</class>
  <method>&lt;init&gt;</method>
  <thread>17</thread>
  <message>Connection type: Private</message>
</record>
<?xml version="1.0" encoding="windows-1250" standalone="no"?>
<!DOCTYPE log SYSTEM "logger.dtd">
<log>
<record>
  <date>2020-05-14T18:02:10.042709200Z</date>
  <millis>1589479330042</millis>
  <nanos>709200</nanos>
  <sequence>0</sequence>
  <logger>loggingAndActionMonitoring</logger>
  <level>INFO</level>
  <class>loggingAndActionMonitoring.LogData</class>
  <method>&lt;init&gt;</method>
  <thread>17</thread>
  <message>IP Connected:/192.168.1.8</message>
</record>
<record>
  <date>2020-05-14T18:02:10.063659100Z</date>
  <millis>1589479330063</millis>
  <nanos>659100</nanos>
  <sequence>1</sequence>
  <logger>loggingAndActionMonitoring</logger>
  <level>INFO</level>
  <class>loggingAndActionMonitoring.LogData</class>
  <method>&lt;init&gt;</method>
  <thread>17</thread>
  <message>Port:4500</message>
</record>
<record>
  <date>2020-05-14T18:02:10.063659100Z</date>
  <millis>1589479330063</millis>
  <nanos>659100</nanos>
  <sequence>2</sequence>
  <logger>loggingAndActionMonitoring</logger>
  <level>INFO</level>
  <class>loggingAndActionMonitoring.LogData</class>
  <method>&lt;init&gt;</method>
  <thread>17</thread>
  <message>Connection type: Private</message>
</record>
<?xml version="1.0" encoding="windows-1250" standalone="no"?>
<!DOCTYPE log SYSTEM "logger.dtd">
<log>
<record>
  <date>2020-05-14T18:12:38.313789800Z</date>
  <millis>1589479958313</millis>
  <nanos>789800</nanos>
  <sequence>0</sequence>
  <logger>loggingAndActionMonitoring</logger>
  <level>INFO</level>
  <class>loggingAndActionMonitoring.LogData</class>
  <method>&lt;init&gt;</method>
  <thread>17</thread>
  <message>IP Connected:/192.168.1.8</message>
</record>
<record>
  <date>2020-05-14T18:12:38.329745100Z</date>
  <millis>1589479958329</millis>
  <nanos>745100</nanos>
  <sequence>1</sequence>
  <logger>loggingAndActionMonitoring</logger>
  <level>INFO</level>
  <class>loggingAndActionMonitoring.LogData</class>
  <method>&lt;init&gt;</method>
  <thread>17</thread>
  <message>Port:1</message>
</record>
<record>
  <date>2020-05-14T18:12:38.330742600Z</date>
  <millis>1589479958330</millis>
  <nanos>742600</nanos>
  <sequence>2</sequence>
  <logger>loggingAndActionMonitoring</logger>
  <level>INFO</level>
  <class>loggingAndActionMonitoring.LogData</class>
  <method>&lt;init&gt;</method>
  <thread>17</thread>
  <message>Connection type: TCPMUX</message>
</record>
<?xml version="1.0" encoding="windows-1250" standalone="no"?>
<!DOCTYPE log SYSTEM "logger.dtd">
<log>
<record>
  <date>2020-05-14T18:18:44.384001600Z</date>
  <millis>1589480324384</millis>
  <nanos>1600</nanos>
  <sequence>0</sequence>
  <logger>loggingAndActionMonitoring</logger>
  <level>INFO</level>
  <class>loggingAndActionMonitoring.LogData</class>
  <method>&lt;init&gt;</method>
  <thread>17</thread>
  <message>IP Connected:/192.168.1.8</message>
</record>
<record>
  <date>2020-05-14T18:18:44.401953300Z</date>
  <millis>1589480324401</millis>
  <nanos>953300</nanos>
  <sequence>1</sequence>
  <logger>loggingAndActionMonitoring</logger>
  <level>INFO</level>
  <class>loggingAndActionMonitoring.LogData</class>
  <method>&lt;init&gt;</method>
  <thread>17</thread>
  <message>Port:1</message>
</record>
<record>
  <date>2020-05-14T18:18:44.402951900Z</date>
  <millis>1589480324402</millis>
  <nanos>951900</nanos>
  <sequence>2</sequence>
  <logger>loggingAndActionMonitoring</logger>
  <level>INFO</level>
  <class>loggingAndActionMonitoring.LogData</class>
  <method>&lt;init&gt;</method>
  <thread>17</thread>
  <message>Connection type: TCPMUX</message>
</record>
<?xml version="1.0" encoding="windows-1250" standalone="no"?>
<!DOCTYPE log SYSTEM "logger.dtd">
<log>
<record>
  <date>2020-05-17T19:25:51.924341500Z</date>
  <millis>1589743551924</millis>
  <nanos>341500</nanos>
  <sequence>0</sequence>
  <logger>loggingAndActionMonitoring</logger>
  <level>INFO</level>
  <class>loggingAndActionMonitoring.LogData</class>
  <method>&lt;init&gt;</method>
  <thread>17</thread>
  <message>IP Connected:/192.168.1.8</message>
</record>
<record>
  <date>2020-05-17T19:25:51.958249400Z</date>
  <millis>1589743551958</millis>
  <nanos>249400</nanos>
  <sequence>1</sequence>
  <logger>loggingAndActionMonitoring</logger>
  <level>INFO</level>
  <class>loggingAndActionMonitoring.LogData</class>
  <method>&lt;init&gt;</method>
  <thread>17</thread>
  <message>Port:1</message>
</record>
<record>
  <date>2020-05-17T19:25:51.959248500Z</date>
  <millis>1589743551959</millis>
  <nanos>248500</nanos>
  <sequence>2</sequence>
  <logger>loggingAndActionMonitoring</logger>
  <level>INFO</level>
  <class>loggingAndActionMonitoring.LogData</class>
  <method>&lt;init&gt;</method>
  <thread>17</thread>
  <message>Connection type: TCPMUX</message>
</record>
<?xml version="1.0" encoding="windows-1250" standalone="no"?>
<!DOCTYPE log SYSTEM "logger.dtd">
<log>
<record>
  <date>2020-05-17T19:30:23.035648800Z</date>
  <millis>1589743823035</millis>
  <nanos>648800</nanos>
  <sequence>0</sequence>
  <logger>loggingAndActionMonitoring</logger>
  <level>INFO</level>
  <class>loggingAndActionMonitoring.LogData</class>
  <method>&lt;init&gt;</method>
  <thread>17</thread>
  <message>IP Connected:/192.168.1.8</message>
</record>
<record>
  <date>2020-05-17T19:30:23.054602800Z</date>
  <millis>1589743823054</millis>
  <nanos>602800</nanos>
  <sequence>1</sequence>
  <logger>loggingAndActionMonitoring</logger>
  <level>INFO</level>
  <class>loggingAndActionMonitoring.LogData</class>
  <method>&lt;init&gt;</method>
  <thread>17</thread>
  <message>Port:1</message>
</record>
<record>
  <date>2020-05-17T19:30:23.055597900Z</date>
  <millis>1589743823055</millis>
  <nanos>597900</nanos>
  <sequence>2</sequence>
  <logger>loggingAndActionMonitoring</logger>
  <level>INFO</level>
  <class>loggingAndActionMonitoring.LogData</class>
  <method>&lt;init&gt;</method>
  <thread>17</thread>
  <message>Connection type: TCPMUX</message>
</record>
<?xml version="1.0" encoding="windows-1250" standalone="no"?>
<!DOCTYPE log SYSTEM "logger.dtd">
<log>
<record>
  <date>2020-05-17T19:33:01.959589800Z</date>
  <millis>1589743981959</millis>
  <nanos>589800</nanos>
  <sequence>0</sequence>
  <logger>loggingAndActionMonitoring</logger>
  <level>INFO</level>
  <class>loggingAndActionMonitoring.LogData</class>
  <method>&lt;init&gt;</method>
  <thread>17</thread>
  <message>IP Connected:/192.168.1.8</message>
</record>
<record>
  <date>2020-05-17T19:33:01.987510800Z</date>
  <millis>1589743981987</millis>
  <nanos>510800</nanos>
  <sequence>1</sequence>
  <logger>loggingAndActionMonitoring</logger>
  <level>INFO</level>
  <class>loggingAndActionMonitoring.LogData</class>
  <method>&lt;init&gt;</method>
  <thread>17</thread>
  <message>Port:1</message>
</record>
<record>
  <date>2020-05-17T19:33:01.988508900Z</date>
  <millis>1589743981988</millis>
  <nanos>508900</nanos>
  <sequence>2</sequence>
  <logger>loggingAndActionMonitoring</logger>
  <level>INFO</level>
  <class>loggingAndActionMonitoring.LogData</class>
  <method>&lt;init&gt;</method>
  <thread>17</thread>
  <message>Connection type: TCPMUX</message>
</record>
<?xml version="1.0" encoding="windows-1250" standalone="no"?>
<!DOCTYPE log SYSTEM "logger.dtd">
<log>
<record>
  <date>2020-05-19T15:12:12.154732400Z</date>
  <millis>1589901132154</millis>
  <nanos>732400</nanos>
  <sequence>0</sequence>
  <logger>loggingAndActionMonitoring</logger>
  <level>INFO</level>
  <class>loggingAndActionMonitoring.LogData</class>
  <method>&lt;init&gt;</method>
  <thread>17</thread>
  <message>IP Connected:/192.168.1.8</message>
</record>
<record>
  <date>2020-05-19T15:12:12.182616700Z</date>
  <millis>1589901132182</millis>
  <nanos>616700</nanos>
  <sequence>1</sequence>
  <logger>loggingAndActionMonitoring</logger>
  <level>INFO</level>
  <class>loggingAndActionMonitoring.LogData</class>
  <method>&lt;init&gt;</method>
  <thread>17</thread>
  <message>Port:1</message>
</record>
<record>
  <date>2020-05-19T15:12:12.183615100Z</date>
  <millis>1589901132183</millis>
  <nanos>615100</nanos>
  <sequence>2</sequence>
  <logger>loggingAndActionMonitoring</logger>
  <level>INFO</level>
  <class>loggingAndActionMonitoring.LogData</class>
  <method>&lt;init&gt;</method>
  <thread>17</thread>
  <message>Connection type: TCPMUX</message>
</record>
<?xml version="1.0" encoding="windows-1250" standalone="no"?>
<!DOCTYPE log SYSTEM "logger.dtd">
<log>
<record>
  <date>2020-05-19T15:18:31.278645100Z</date>
  <millis>1589901511278</millis>
  <nanos>645100</nanos>
  <sequence>0</sequence>
  <logger>loggingAndActionMonitoring</logger>
  <level>INFO</level>
  <class>loggingAndActionMonitoring.LogData</class>
  <method>&lt;init&gt;</method>
  <thread>17</thread>
  <message>IP Connected:/192.168.1.8</message>
</record>
<record>
  <date>2020-05-19T15:18:31.301584100Z</date>
  <millis>1589901511301</millis>
  <nanos>584100</nanos>
  <sequence>1</sequence>
  <logger>loggingAndActionMonitoring</logger>
  <level>INFO</level>
  <class>loggingAndActionMonitoring.LogData</class>
  <method>&lt;init&gt;</method>
  <thread>17</thread>
  <message>Port:1</message>
</record>
<record>
  <date>2020-05-19T15:18:31.302581300Z</date>
  <millis>1589901511302</millis>
  <nanos>581300</nanos>
  <sequence>2</sequence>
  <logger>loggingAndActionMonitoring</logger>
  <level>INFO</level>
  <class>loggingAndActionMonitoring.LogData</class>
  <method>&lt;init&gt;</method>
  <thread>17</thread>
  <message>Connection type: TCPMUX</message>
</record>
<?xml version="1.0" encoding="windows-1250" standalone="no"?>
<!DOCTYPE log SYSTEM "logger.dtd">
<log>
<record>
  <date>2020-05-19T15:21:13.950433Z</date>
  <millis>1589901673950</millis>
  <nanos>433000</nanos>
  <sequence>0</sequence>
  <logger>loggingAndActionMonitoring</logger>
  <level>INFO</level>
  <class>loggingAndActionMonitoring.LogData</class>
  <method>&lt;init&gt;</method>
  <thread>17</thread>
  <message>IP Connected:/192.168.1.8</message>
</record>
<record>
  <date>2020-05-19T15:21:13.969405Z</date>
  <millis>1589901673969</millis>
  <nanos>405000</nanos>
  <sequence>1</sequence>
  <logger>loggingAndActionMonitoring</logger>
  <level>INFO</level>
  <class>loggingAndActionMonitoring.LogData</class>
  <method>&lt;init&gt;</method>
  <thread>17</thread>
  <message>Port:1</message>
</record>
<record>
  <date>2020-05-19T15:21:13.970381200Z</date>
  <millis>1589901673970</millis>
  <nanos>381200</nanos>
  <sequence>2</sequence>
  <logger>loggingAndActionMonitoring</logger>
  <level>INFO</level>
  <class>loggingAndActionMonitoring.LogData</class>
  <method>&lt;init&gt;</method>
  <thread>17</thread>
  <message>Connection type: TCPMUX</message>
</record>
<?xml version="1.0" encoding="windows-1250" standalone="no"?>
<!DOCTYPE log SYSTEM "logger.dtd">
<log>
<record>
  <date>2020-05-19T15:27:27.694159900Z</date>
  <millis>1589902047694</millis>
  <nanos>159900</nanos>
  <sequence>0</sequence>
  <logger>loggingAndActionMonitoring</logger>
  <level>INFO</level>
  <class>loggingAndActionMonitoring.LogData</class>
  <method>&lt;init&gt;</method>
  <thread>17</thread>
  <message>IP Connected:/192.168.1.8</message>
</record>
<record>
  <date>2020-05-19T15:27:27.715103800Z</date>
  <millis>1589902047715</millis>
  <nanos>103800</nanos>
  <sequence>1</sequence>
  <logger>loggingAndActionMonitoring</logger>
  <level>INFO</level>
  <class>loggingAndActionMonitoring.LogData</class>
  <method>&lt;init&gt;</method>
  <thread>17</thread>
  <message>Port:1</message>
</record>
<record>
  <date>2020-05-19T15:27:27.716097900Z</date>
  <millis>1589902047716</millis>
  <nanos>97900</nanos>
  <sequence>2</sequence>
  <logger>loggingAndActionMonitoring</logger>
  <level>INFO</level>
  <class>loggingAndActionMonitoring.LogData</class>
  <method>&lt;init&gt;</method>
  <thread>17</thread>
  <message>Connection type: TCPMUX</message>
</record>
<?xml version="1.0" encoding="windows-1250" standalone="no"?>
<!DOCTYPE log SYSTEM "logger.dtd">
<log>
<record>
  <date>2020-05-19T17:12:00.200926500Z</date>
  <millis>1589908320200</millis>
  <nanos>926500</nanos>
  <sequence>0</sequence>
  <logger>loggingAndActionMonitoring</logger>
  <level>INFO</level>
  <class>loggingAndActionMonitoring.LogData</class>
  <method>&lt;init&gt;</method>
  <thread>17</thread>
  <message>IP Connected:/192.168.1.8</message>
</record>
<record>
  <date>2020-05-19T17:12:00.218877100Z</date>
  <millis>1589908320218</millis>
  <nanos>877100</nanos>
  <sequence>1</sequence>
  <logger>loggingAndActionMonitoring</logger>
  <level>INFO</level>
  <class>loggingAndActionMonitoring.LogData</class>
  <method>&lt;init&gt;</method>
  <thread>17</thread>
  <message>Port:1</message>
</record>
<record>
  <date>2020-05-19T17:12:00.218877100Z</date>
  <millis>1589908320218</millis>
  <nanos>877100</nanos>
  <sequence>2</sequence>
  <logger>loggingAndActionMonitoring</logger>
  <level>INFO</level>
  <class>loggingAndActionMonitoring.LogData</class>
  <method>&lt;init&gt;</method>
  <thread>17</thread>
  <message>Connection type: TCPMUX</message>
</record>
<?xml version="1.0" encoding="windows-1250" standalone="no"?>
<!DOCTYPE log SYSTEM "logger.dtd">
<log>
<record>
  <date>2020-05-19T17:16:06.748770800Z</date>
  <millis>1589908566748</millis>
  <nanos>770800</nanos>
  <sequence>0</sequence>
  <logger>loggingAndActionMonitoring</logger>
  <level>INFO</level>
  <class>loggingAndActionMonitoring.LogData</class>
  <method>&lt;init&gt;</method>
  <thread>17</thread>
  <message>IP Connected:/192.168.1.8</message>
</record>
<record>
  <date>2020-05-19T17:16:06.767715Z</date>
  <millis>1589908566767</millis>
  <nanos>715000</nanos>
  <sequence>1</sequence>
  <logger>loggingAndActionMonitoring</logger>
  <level>INFO</level>
  <class>loggingAndActionMonitoring.LogData</class>
  <method>&lt;init&gt;</method>
  <thread>17</thread>
  <message>Port:1</message>
</record>
<record>
  <date>2020-05-19T17:16:06.769708800Z</date>
  <millis>1589908566769</millis>
  <nanos>708800</nanos>
  <sequence>2</sequence>
  <logger>loggingAndActionMonitoring</logger>
  <level>INFO</level>
  <class>loggingAndActionMonitoring.LogData</class>
  <method>&lt;init&gt;</method>
  <thread>17</thread>
  <message>Connection type: TCPMUX</message>
</record>
<?xml version="1.0" encoding="windows-1250" standalone="no"?>
<!DOCTYPE log SYSTEM "logger.dtd">
<log>
<record>
  <date>2020-05-19T17:36:58.846855100Z</date>
  <millis>1589909818846</millis>
  <nanos>855100</nanos>
  <sequence>0</sequence>
  <logger>loggingAndActionMonitoring</logger>
  <level>INFO</level>
  <class>loggingAndActionMonitoring.LogData</class>
  <method>&lt;init&gt;</method>
  <thread>17</thread>
  <message>IP Connected:/192.168.1.8</message>
</record>
<record>
  <date>2020-05-19T17:36:58.868800Z</date>
  <millis>1589909818868</millis>
  <nanos>800000</nanos>
  <sequence>1</sequence>
  <logger>loggingAndActionMonitoring</logger>
  <level>INFO</level>
  <class>loggingAndActionMonitoring.LogData</class>
  <method>&lt;init&gt;</method>
  <thread>17</thread>
  <message>Port:1</message>
</record>
<record>
  <date>2020-05-19T17:36:58.870791500Z</date>
  <millis>1589909818870</millis>
  <nanos>791500</nanos>
  <sequence>2</sequence>
  <logger>loggingAndActionMonitoring</logger>
  <level>INFO</level>
  <class>loggingAndActionMonitoring.LogData</class>
  <method>&lt;init&gt;</method>
  <thread>17</thread>
  <message>Connection type: TCPMUX</message>
</record>
<?xml version="1.0" encoding="windows-1250" standalone="no"?>
<!DOCTYPE log SYSTEM "logger.dtd">
<log>
<record>
  <date>2020-05-19T17:53:09.602560900Z</date>
  <millis>1589910789602</millis>
  <nanos>560900</nanos>
  <sequence>0</sequence>
  <logger>loggingAndActionMonitoring</logger>
  <level>INFO</level>
  <class>loggingAndActionMonitoring.LogData</class>
  <method>&lt;init&gt;</method>
  <thread>17</thread>
  <message>IP Connected:/192.168.1.8</message>
</record>
<record>
  <date>2020-05-19T17:53:09.624503700Z</date>
  <millis>1589910789624</millis>
  <nanos>503700</nanos>
  <sequence>1</sequence>
  <logger>loggingAndActionMonitoring</logger>
  <level>INFO</level>
  <class>loggingAndActionMonitoring.LogData</class>
  <method>&lt;init&gt;</method>
  <thread>17</thread>
  <message>Port:1</message>
</record>
<record>
  <date>2020-05-19T17:53:09.625503100Z</date>
  <millis>1589910789625</millis>
  <nanos>503100</nanos>
  <sequence>2</sequence>
  <logger>loggingAndActionMonitoring</logger>
  <level>INFO</level>
  <class>loggingAndActionMonitoring.LogData</class>
  <method>&lt;init&gt;</method>
  <thread>17</thread>
  <message>Connection type: TCPMUX</message>
</record>
<?xml version="1.0" encoding="windows-1250" standalone="no"?>
<!DOCTYPE log SYSTEM "logger.dtd">
<log>
<record>
  <date>2020-05-19T18:17:01.247010200Z</date>
  <millis>1589912221247</millis>
  <nanos>10200</nanos>
  <sequence>0</sequence>
  <logger>loggingAndActionMonitoring</logger>
  <level>INFO</level>
  <class>loggingAndActionMonitoring.LogData</class>
  <method>&lt;init&gt;</method>
  <thread>17</thread>
  <message>IP Connected:/192.168.1.8</message>
</record>
<record>
  <date>2020-05-19T18:17:01.265958Z</date>
  <millis>1589912221265</millis>
  <nanos>958000</nanos>
  <sequence>1</sequence>
  <logger>loggingAndActionMonitoring</logger>
  <level>INFO</level>
  <class>loggingAndActionMonitoring.LogData</class>
  <method>&lt;init&gt;</method>
  <thread>17</thread>
  <message>Port:1</message>
</record>
<record>
  <date>2020-05-19T18:17:01.266957200Z</date>
  <millis>1589912221266</millis>
  <nanos>957200</nanos>
  <sequence>2</sequence>
  <logger>loggingAndActionMonitoring</logger>
  <level>INFO</level>
  <class>loggingAndActionMonitoring.LogData</class>
  <method>&lt;init&gt;</method>
  <thread>17</thread>
  <message>Connection type: TCPMUX</message>
</record>
<?xml version="1.0" encoding="windows-1250" standalone="no"?>
<!DOCTYPE log SYSTEM "logger.dtd">
<log>
<record>
  <date>2020-05-19T18:18:35.793875500Z</date>
  <millis>1589912315793</millis>
  <nanos>875500</nanos>
  <sequence>0</sequence>
  <logger>loggingAndActionMonitoring</logger>
  <level>INFO</level>
  <class>loggingAndActionMonitoring.LogData</class>
  <method>&lt;init&gt;</method>
  <thread>17</thread>
  <message>IP Connected:/192.168.1.8</message>
</record>
<record>
  <date>2020-05-19T18:18:35.842747900Z</date>
  <millis>1589912315842</millis>
  <nanos>747900</nanos>
  <sequence>1</sequence>
  <logger>loggingAndActionMonitoring</logger>
  <level>INFO</level>
  <class>loggingAndActionMonitoring.LogData</class>
  <method>&lt;init&gt;</method>
  <thread>17</thread>
  <message>Port:1</message>
</record>
<record>
  <date>2020-05-19T18:18:35.846738400Z</date>
  <millis>1589912315846</millis>
  <nanos>738400</nanos>
  <sequence>2</sequence>
  <logger>loggingAndActionMonitoring</logger>
  <level>INFO</level>
  <class>loggingAndActionMonitoring.LogData</class>
  <method>&lt;init&gt;</method>
  <thread>17</thread>
  <message>Connection type: TCPMUX</message>
</record>
<?xml version="1.0" encoding="windows-1250" standalone="no"?>
<!DOCTYPE log SYSTEM "logger.dtd">
<log>
<record>
  <date>2020-05-19T19:35:10.357297Z</date>
  <millis>1589916910357</millis>
  <nanos>297000</nanos>
  <sequence>0</sequence>
  <logger>loggingAndActionMonitoring</logger>
  <level>INFO</level>
  <class>loggingAndActionMonitoring.LogData</class>
  <method>&lt;init&gt;</method>
  <thread>17</thread>
  <message>IP Connected:/192.168.1.8</message>
</record>
<record>
  <date>2020-05-19T19:35:10.371257800Z</date>
  <millis>1589916910371</millis>
  <nanos>257800</nanos>
  <sequence>1</sequence>
  <logger>loggingAndActionMonitoring</logger>
  <level>INFO</level>
  <class>loggingAndActionMonitoring.LogData</class>
  <method>&lt;init&gt;</method>
  <thread>17</thread>
  <message>Port:1</message>
</record>
<record>
  <date>2020-05-19T19:35:10.372255200Z</date>
  <millis>1589916910372</millis>
  <nanos>255200</nanos>
  <sequence>2</sequence>
  <logger>loggingAndActionMonitoring</logger>
  <level>INFO</level>
  <class>loggingAndActionMonitoring.LogData</class>
  <method>&lt;init&gt;</method>
  <thread>17</thread>
  <message>Connection type: TCPMUX</message>
</record>
<?xml version="1.0" encoding="windows-1250" standalone="no"?>
<!DOCTYPE log SYSTEM "logger.dtd">
<log>
<record>
  <date>2020-05-19T19:57:05.649706600Z</date>
  <millis>1589918225649</millis>
  <nanos>706600</nanos>
  <sequence>0</sequence>
  <logger>loggingAndActionMonitoring</logger>
  <level>INFO</level>
  <class>loggingAndActionMonitoring.LogData</class>
  <method>&lt;init&gt;</method>
  <thread>17</thread>
  <message>IP Connected:/192.168.1.8</message>
</record>
<record>
  <date>2020-05-19T19:57:05.670650400Z</date>
  <millis>1589918225670</millis>
  <nanos>650400</nanos>
  <sequence>1</sequence>
  <logger>loggingAndActionMonitoring</logger>
  <level>INFO</level>
  <class>loggingAndActionMonitoring.LogData</class>
  <method>&lt;init&gt;</method>
  <thread>17</thread>
  <message>Port:1</message>
</record>
<record>
  <date>2020-05-19T19:57:05.671648400Z</date>
  <millis>1589918225671</millis>
  <nanos>648400</nanos>
  <sequence>2</sequence>
  <logger>loggingAndActionMonitoring</logger>
  <level>INFO</level>
  <class>loggingAndActionMonitoring.LogData</class>
  <method>&lt;init&gt;</method>
  <thread>17</thread>
  <message>Connection type: TCPMUX</message>
</record>
<?xml version="1.0" encoding="windows-1250" standalone="no"?>
<!DOCTYPE log SYSTEM "logger.dtd">
<log>
<record>
  <date>2020-05-20T08:33:00.989144200Z</date>
  <millis>1589963580989</millis>
  <nanos>144200</nanos>
  <sequence>0</sequence>
  <logger>loggingAndActionMonitoring</logger>
  <level>INFO</level>
  <class>loggingAndActionMonitoring.LogData</class>
  <method>&lt;init&gt;</method>
  <thread>17</thread>
  <message>IP Connected:/192.168.1.8</message>
</record>
<record>
  <date>2020-05-20T08:33:01.014072200Z</date>
  <millis>1589963581014</millis>
  <nanos>72200</nanos>
  <sequence>1</sequence>
  <logger>loggingAndActionMonitoring</logger>
  <level>INFO</level>
  <class>loggingAndActionMonitoring.LogData</class>
  <method>&lt;init&gt;</method>
  <thread>17</thread>
  <message>Port:1</message>
</record>
<record>
  <date>2020-05-20T08:33:01.015069900Z</date>
  <millis>1589963581015</millis>
  <nanos>69900</nanos>
  <sequence>2</sequence>
  <logger>loggingAndActionMonitoring</logger>
  <level>INFO</level>
  <class>loggingAndActionMonitoring.LogData</class>
  <method>&lt;init&gt;</method>
  <thread>17</thread>
  <message>Connection type: TCPMUX</message>
</record>
<?xml version="1.0" encoding="windows-1250" standalone="no"?>
<!DOCTYPE log SYSTEM "logger.dtd">
<log>
<record>
  <date>2020-05-20T08:34:43.033147800Z</date>
  <millis>1589963683033</millis>
  <nanos>147800</nanos>
  <sequence>0</sequence>
  <logger>loggingAndActionMonitoring</logger>
  <level>INFO</level>
  <class>loggingAndActionMonitoring.LogData</class>
  <method>&lt;init&gt;</method>
  <thread>17</thread>
  <message>IP Connected:/192.168.1.8</message>
</record>
<record>
  <date>2020-05-20T08:34:43.053095900Z</date>
  <millis>1589963683053</millis>
  <nanos>95900</nanos>
  <sequence>1</sequence>
  <logger>loggingAndActionMonitoring</logger>
  <level>INFO</level>
  <class>loggingAndActionMonitoring.LogData</class>
  <method>&lt;init&gt;</method>
  <thread>17</thread>
  <message>Port:1</message>
</record>
<record>
  <date>2020-05-20T08:34:43.056121Z</date>
  <millis>1589963683056</millis>
  <nanos>121000</nanos>
  <sequence>2</sequence>
  <logger>loggingAndActionMonitoring</logger>
  <level>INFO</level>
  <class>loggingAndActionMonitoring.LogData</class>
  <method>&lt;init&gt;</method>
  <thread>17</thread>
  <message>Connection type: TCPMUX</message>
</record>
<?xml version="1.0" encoding="windows-1250" standalone="no"?>
<!DOCTYPE log SYSTEM "logger.dtd">
<log>
<record>
  <date>2020-05-20T08:38:17.555597300Z</date>
  <millis>1589963897555</millis>
  <nanos>597300</nanos>
  <sequence>0</sequence>
  <logger>loggingAndActionMonitoring</logger>
  <level>INFO</level>
  <class>loggingAndActionMonitoring.LogData</class>
  <method>&lt;init&gt;</method>
  <thread>17</thread>
  <message>IP Connected:/192.168.1.8</message>
</record>
<record>
  <date>2020-05-20T08:38:17.576542100Z</date>
  <millis>1589963897576</millis>
  <nanos>542100</nanos>
  <sequence>1</sequence>
  <logger>loggingAndActionMonitoring</logger>
  <level>INFO</level>
  <class>loggingAndActionMonitoring.LogData</class>
  <method>&lt;init&gt;</method>
  <thread>17</thread>
  <message>Port:1</message>
</record>
<record>
  <date>2020-05-20T08:38:17.579545100Z</date>
  <millis>1589963897579</millis>
  <nanos>545100</nanos>
  <sequence>2</sequence>
  <logger>loggingAndActionMonitoring</logger>
  <level>INFO</level>
  <class>loggingAndActionMonitoring.LogData</class>
  <method>&lt;init&gt;</method>
  <thread>17</thread>
  <message>Connection type: TCPMUX</message>
</record>
<?xml version="1.0" encoding="windows-1250" standalone="no"?>
<!DOCTYPE log SYSTEM "logger.dtd">
<log>
<record>
  <date>2020-05-20T08:45:37.110358900Z</date>
  <millis>1589964337110</millis>
  <nanos>358900</nanos>
  <sequence>0</sequence>
  <logger>loggingAndActionMonitoring</logger>
  <level>INFO</level>
  <class>loggingAndActionMonitoring.LogData</class>
  <method>&lt;init&gt;</method>
  <thread>17</thread>
  <message>IP Connected:/192.168.1.8</message>
</record>
<record>
  <date>2020-05-20T08:45:37.132302400Z</date>
  <millis>1589964337132</millis>
  <nanos>302400</nanos>
  <sequence>1</sequence>
  <logger>loggingAndActionMonitoring</logger>
  <level>INFO</level>
  <class>loggingAndActionMonitoring.LogData</class>
  <method>&lt;init&gt;</method>
  <thread>17</thread>
  <message>Port:1</message>
</record>
<record>
  <date>2020-05-20T08:45:37.132302400Z</date>
  <millis>1589964337132</millis>
  <nanos>302400</nanos>
  <sequence>2</sequence>
  <logger>loggingAndActionMonitoring</logger>
  <level>INFO</level>
  <class>loggingAndActionMonitoring.LogData</class>
  <method>&lt;init&gt;</method>
  <thread>17</thread>
  <message>Connection type: TCPMUX</message>
</record>
<?xml version="1.0" encoding="windows-1250" standalone="no"?>
<!DOCTYPE log SYSTEM "logger.dtd">
<log>
<record>
  <date>2020-05-20T08:56:03.645634600Z</date>
  <millis>1589964963645</millis>
  <nanos>634600</nanos>
  <sequence>0</sequence>
  <logger>loggingAndActionMonitoring</logger>
  <level>INFO</level>
  <class>loggingAndActionMonitoring.LogData</class>
  <method>&lt;init&gt;</method>
  <thread>17</thread>
  <message>IP Connected:/192.168.1.8</message>
</record>
<record>
  <date>2020-05-20T08:56:03.666579100Z</date>
  <millis>1589964963666</millis>
  <nanos>579100</nanos>
  <sequence>1</sequence>
  <logger>loggingAndActionMonitoring</logger>
  <level>INFO</level>
  <class>loggingAndActionMonitoring.LogData</class>
  <method>&lt;init&gt;</method>
  <thread>17</thread>
  <message>Port:1</message>
</record>
<record>
  <date>2020-05-20T08:56:03.667612900Z</date>
  <millis>1589964963667</millis>
  <nanos>612900</nanos>
  <sequence>2</sequence>
  <logger>loggingAndActionMonitoring</logger>
  <level>INFO</level>
  <class>loggingAndActionMonitoring.LogData</class>
  <method>&lt;init&gt;</method>
  <thread>17</thread>
  <message>Connection type: TCPMUX</message>
</record>
<?xml version="1.0" encoding="windows-1250" standalone="no"?>
<!DOCTYPE log SYSTEM "logger.dtd">
<log>
<record>
  <date>2020-05-20T09:02:12.873345300Z</date>
  <millis>1589965332873</millis>
  <nanos>345300</nanos>
  <sequence>0</sequence>
  <logger>loggingAndActionMonitoring</logger>
  <level>INFO</level>
  <class>loggingAndActionMonitoring.LogData</class>
  <method>&lt;init&gt;</method>
  <thread>17</thread>
  <message>IP Connected:/192.168.1.8</message>
</record>
<record>
  <date>2020-05-20T09:02:12.898312700Z</date>
  <millis>1589965332898</millis>
  <nanos>312700</nanos>
  <sequence>1</sequence>
  <logger>loggingAndActionMonitoring</logger>
  <level>INFO</level>
  <class>loggingAndActionMonitoring.LogData</class>
  <method>&lt;init&gt;</method>
  <thread>17</thread>
  <message>Port:1</message>
</record>
<record>
  <date>2020-05-20T09:02:12.899310800Z</date>
  <millis>1589965332899</millis>
  <nanos>310800</nanos>
  <sequence>2</sequence>
  <logger>loggingAndActionMonitoring</logger>
  <level>INFO</level>
  <class>loggingAndActionMonitoring.LogData</class>
  <method>&lt;init&gt;</method>
  <thread>17</thread>
  <message>Connection type: TCPMUX</message>
</record>
<?xml version="1.0" encoding="windows-1250" standalone="no"?>
<!DOCTYPE log SYSTEM "logger.dtd">
<log>
<record>
  <date>2020-05-20T09:16:28.974598200Z</date>
  <millis>1589966188974</millis>
  <nanos>598200</nanos>
  <sequence>0</sequence>
  <logger>loggingAndActionMonitoring</logger>
  <level>INFO</level>
  <class>loggingAndActionMonitoring.LogData</class>
  <method>&lt;init&gt;</method>
  <thread>17</thread>
  <message>IP Connected:/192.168.1.8</message>
</record>
<record>
  <date>2020-05-20T09:16:28.994543800Z</date>
  <millis>1589966188994</millis>
  <nanos>543800</nanos>
  <sequence>1</sequence>
  <logger>loggingAndActionMonitoring</logger>
  <level>INFO</level>
  <class>loggingAndActionMonitoring.LogData</class>
  <method>&lt;init&gt;</method>
  <thread>17</thread>
  <message>Port:1</message>
</record>
<record>
  <date>2020-05-20T09:16:28.995541Z</date>
  <millis>1589966188995</millis>
  <nanos>541000</nanos>
  <sequence>2</sequence>
  <logger>loggingAndActionMonitoring</logger>
  <level>INFO</level>
  <class>loggingAndActionMonitoring.LogData</class>
  <method>&lt;init&gt;</method>
  <thread>17</thread>
  <message>Connection type: TCPMUX</message>
</record>
<?xml version="1.0" encoding="windows-1250" standalone="no"?>
<!DOCTYPE log SYSTEM "logger.dtd">
<log>
<record>
  <date>2020-05-20T18:41:56.097199100Z</date>
  <millis>1590000116097</millis>
  <nanos>199100</nanos>
  <sequence>0</sequence>
  <logger>loggingAndActionMonitoring</logger>
  <level>INFO</level>
  <class>loggingAndActionMonitoring.LogData</class>
  <method>&lt;init&gt;</method>
  <thread>17</thread>
  <message>IP Connected:/192.168.1.8</message>
</record>
<record>
  <date>2020-05-20T18:41:56.127077200Z</date>
  <millis>1590000116127</millis>
  <nanos>77200</nanos>
  <sequence>1</sequence>
  <logger>loggingAndActionMonitoring</logger>
  <level>INFO</level>
  <class>loggingAndActionMonitoring.LogData</class>
  <method>&lt;init&gt;</method>
  <thread>17</thread>
  <message>Port:1</message>
</record>
<record>
  <date>2020-05-20T18:41:56.129076Z</date>
  <millis>1590000116129</millis>
  <nanos>76000</nanos>
  <sequence>2</sequence>
  <logger>loggingAndActionMonitoring</logger>
  <level>INFO</level>
  <class>loggingAndActionMonitoring.LogData</class>
  <method>&lt;init&gt;</method>
  <thread>17</thread>
  <message>Connection type: TCPMUX</message>
</record>
<?xml version="1.0" encoding="windows-1250" standalone="no"?>
<!DOCTYPE log SYSTEM "logger.dtd">
<log>
<record>
  <date>2020-05-20T18:43:57.788330500Z</date>
  <millis>1590000237788</millis>
  <nanos>330500</nanos>
  <sequence>0</sequence>
  <logger>loggingAndActionMonitoring</logger>
  <level>INFO</level>
  <class>loggingAndActionMonitoring.LogData</class>
  <method>&lt;init&gt;</method>
  <thread>17</thread>
  <message>IP Connected:/192.168.1.8</message>
</record>
<record>
  <date>2020-05-20T18:43:57.821239900Z</date>
  <millis>1590000237821</millis>
  <nanos>239900</nanos>
  <sequence>1</sequence>
  <logger>loggingAndActionMonitoring</logger>
  <level>INFO</level>
  <class>loggingAndActionMonitoring.LogData</class>
  <method>&lt;init&gt;</method>
  <thread>17</thread>
  <message>Port:1</message>
</record>
<record>
  <date>2020-05-20T18:43:57.823236800Z</date>
  <millis>1590000237823</millis>
  <nanos>236800</nanos>
  <sequence>2</sequence>
  <logger>loggingAndActionMonitoring</logger>
  <level>INFO</level>
  <class>loggingAndActionMonitoring.LogData</class>
  <method>&lt;init&gt;</method>
  <thread>17</thread>
  <message>Connection type: TCPMUX</message>
</record>
