This file contains any messages produced by compilers while
running configure, to aid debugging if configure makes a mistake.

It was created by Imonitor configure 1.0, which was
generated by GNU Autoconf 2.69.  Invocation command line was

  $ ./configure 

## --------- ##
## Platform. ##
## --------- ##

hostname = andrei-VirtualBox
uname -m = x86_64
uname -r = 5.4.0-31-generic
uname -s = Linux
uname -v = #35-Ubuntu SMP Thu May 7 20:20:34 UTC 2020

/usr/bin/uname -p = x86_64
/bin/uname -X     = unknown

/bin/arch              = x86_64
/usr/bin/arch -k       = unknown
/usr/convex/getsysinfo = unknown
/usr/bin/hostinfo      = unknown
/bin/machine           = unknown
/usr/bin/oslevel       = unknown
/bin/universe          = unknown

PATH: /usr/local/sbin
PATH: /usr/local/bin
PATH: /usr/sbin
PATH: /usr/bin
PATH: /sbin
PATH: /bin
PATH: /usr/games
PATH: /usr/local/games
PATH: /snap/bin


## ----------- ##
## Core tests. ##
## ----------- ##

configure:1780: checking for a BSD-compatible install
configure:1848: result: /usr/bin/install -c
configure:1859: checking whether build environment is sane
configure:1914: result: yes
configure:2063: checking for a thread-safe mkdir -p
configure:2102: result: /usr/bin/mkdir -p
configure:2109: checking for gawk
configure:2139: result: no
configure:2109: checking for mawk
configure:2125: found /usr/bin/mawk
configure:2136: result: mawk
configure:2147: checking whether make sets $(MAKE)
configure:2169: result: yes
configure:2198: checking whether make supports nested variables
configure:2215: result: yes
configure:2346: checking whether make supports the include directive
configure:2361: make -f confmf.GNU && cat confinc.out
this is the am__doit target
configure:2364: $? = 0
configure:2383: result: yes (GNU style)
configure:2454: checking for gcj
configure:2484: result: no
configure:2513: checking dependency style of gcj
configure:2622: result: none
configure:2779: checking that generated files are newer than configure
configure:2785: result: done
configure:2801: creating ./config.status

## ---------------------- ##
## Running config.status. ##
## ---------------------- ##

This file was extended by Imonitor config.status 1.0, which was
generated by GNU Autoconf 2.69.  Invocation command line was

  CONFIG_FILES    = 
  CONFIG_HEADERS  = 
  CONFIG_LINKS    = 
  CONFIG_COMMANDS = 
  $ ./config.status 

on andrei-VirtualBox

config.status:763: creating Makefile
config.status:935: executing depfiles commands

## ---------------- ##
## Cache variables. ##
## ---------------- ##

ac_cv_env_build_alias_set=
ac_cv_env_build_alias_value=
ac_cv_env_host_alias_set=
ac_cv_env_host_alias_value=
ac_cv_env_target_alias_set=
ac_cv_env_target_alias_value=
ac_cv_path_install='/usr/bin/install -c'
ac_cv_path_mkdir=/usr/bin/mkdir
ac_cv_prog_AWK=mawk
ac_cv_prog_make_make_set=yes
am_cv_GCJ_dependencies_compiler_type=none
am_cv_make_support_nested_variables=yes

## ----------------- ##
## Output variables. ##
## ----------------- ##

ACLOCAL='${SHELL} /home/andrei/Desktop/TestTehnic_Siemmens/Imonitor/Imonitor/build/missing aclocal-1.16'
AMDEPBACKSLASH='\'
AMDEP_FALSE='#'
AMDEP_TRUE=''
AMTAR='$${TAR-tar}'
AM_BACKSLASH='\'
AM_DEFAULT_V='$(AM_DEFAULT_VERBOSITY)'
AM_DEFAULT_VERBOSITY='1'
AM_V='$(V)'
AUTOCONF='${SHELL} /home/andrei/Desktop/TestTehnic_Siemmens/Imonitor/Imonitor/build/missing autoconf'
AUTOHEADER='${SHELL} /home/andrei/Desktop/TestTehnic_Siemmens/Imonitor/Imonitor/build/missing autoheader'
AUTOMAKE='${SHELL} /home/andrei/Desktop/TestTehnic_Siemmens/Imonitor/Imonitor/build/missing automake-1.16'
AWK='mawk'
CYGPATH_W='echo'
DEFS='-DPACKAGE_NAME=\"Imonitor\" -DPACKAGE_TARNAME=\"imonitor\" -DPACKAGE_VERSION=\"1.0\" -DPACKAGE_STRING=\"Imonitor\ 1.0\" -DPACKAGE_BUGREPORT=\"\" -DPACKAGE_URL=\"\" -DPACKAGE=\"imonitor\" -DVERSION=\"1.0\"'
DEPDIR='.deps'
ECHO_C=''
ECHO_N='-n'
ECHO_T=''
GCJ='gcj'
GCJDEPMODE='depmode=none'
GCJFLAGS='-g -O2'
INSTALL_DATA='${INSTALL} -m 644'
INSTALL_PROGRAM='${INSTALL}'
INSTALL_SCRIPT='${INSTALL}'
INSTALL_STRIP_PROGRAM='$(install_sh) -c -s'
LIBOBJS=''
LIBS=''
LTLIBOBJS=''
MAKEINFO='${SHELL} /home/andrei/Desktop/TestTehnic_Siemmens/Imonitor/Imonitor/build/missing makeinfo'
MKDIR_P='/usr/bin/mkdir -p'
PACKAGE='imonitor'
PACKAGE_BUGREPORT=''
PACKAGE_NAME='Imonitor'
PACKAGE_STRING='Imonitor 1.0'
PACKAGE_TARNAME='imonitor'
PACKAGE_URL=''
PACKAGE_VERSION='1.0'
PATH_SEPARATOR=':'
SET_MAKE=''
SHELL='/bin/bash'
STRIP=''
VERSION='1.0'
ac_ct_GCJ=''
am__fastdepGCJ_FALSE=''
am__fastdepGCJ_TRUE='#'
am__include='include'
am__isrc=''
am__leading_dot='.'
am__nodep='_no'
am__quote=''
am__tar='$${TAR-tar} chof - "$$tardir"'
am__untar='$${TAR-tar} xf -'
bindir='${exec_prefix}/bin'
build_alias=''
datadir='${datarootdir}'
datarootdir='${prefix}/share'
docdir='${datarootdir}/doc/${PACKAGE_TARNAME}'
dvidir='${docdir}'
exec_prefix='${prefix}'
host_alias=''
htmldir='${docdir}'
includedir='${prefix}/include'
infodir='${datarootdir}/info'
install_sh='${SHELL} /home/andrei/Desktop/TestTehnic_Siemmens/Imonitor/Imonitor/build/install-sh'
libdir='${exec_prefix}/lib'
libexecdir='${exec_prefix}/libexec'
localedir='${datarootdir}/locale'
localstatedir='${prefix}/var'
mandir='${datarootdir}/man'
mkdir_p='$(MKDIR_P)'
oldincludedir='/usr/include'
pdfdir='${docdir}'
prefix='/usr/local'
program_transform_name='s,x,x,'
psdir='${docdir}'
runstatedir='${localstatedir}/run'
sbindir='${exec_prefix}/sbin'
sharedstatedir='${prefix}/com'
sysconfdir='${prefix}/etc'
target_alias=''

## ----------- ##
## confdefs.h. ##
## ----------- ##

/* confdefs.h */
#define PACKAGE_NAME "Imonitor"
#define PACKAGE_TARNAME "imonitor"
#define PACKAGE_VERSION "1.0"
#define PACKAGE_STRING "Imonitor 1.0"
#define PACKAGE_BUGREPORT ""
#define PACKAGE_URL ""
#define PACKAGE "imonitor"
#define VERSION "1.0"

configure: exit 0
